2026-05-30 23:11:31 [background-preinit] INFO  traceId= o.h.validator.internal.util.Version - HV000001: Hibernate Validator 9.0.1.Final
2026-05-30 23:11:31 [main] INFO  traceId= org.flowforge.FlowForgeApplication - Starting FlowForgeApplication using Java 25.0.2 with PID 16640 (/Users/kedarchinna/Development/spring/flow_froge/target/classes started by kedarchinna in /Users/kedarchinna/Development/spring/flow_froge)
2026-05-30 23:11:31 [main] INFO  traceId= org.flowforge.FlowForgeApplication - The following 1 profile is active: "dev"
2026-05-30 23:11:32 [main] INFO  traceId= o.s.d.r.c.RepositoryConfigurationDelegate - Bootstrapping Spring Data JPA repositories in DEFAULT mode.
2026-05-30 23:11:32 [main] INFO  traceId= o.s.d.r.c.RepositoryConfigurationDelegate - Finished Spring Data repository scanning in 7 ms. Found 0 JPA repository interfaces.
2026-05-30 23:11:32 [main] INFO  traceId= o.s.boot.tomcat.TomcatWebServer - Tomcat initialized with port 8080 (http)
2026-05-30 23:11:32 [main] INFO  traceId= o.a.coyote.http11.Http11NioProtocol - Initializing ProtocolHandler ["http-nio-8080"]
2026-05-30 23:11:32 [main] INFO  traceId= o.a.catalina.core.StandardService - Starting service [Tomcat]
2026-05-30 23:11:32 [main] INFO  traceId= o.a.catalina.core.StandardEngine - Starting Servlet engine: [Apache Tomcat/11.0.21]
2026-05-30 23:11:32 [main] INFO  traceId= o.s.b.w.c.s.WebApplicationContextInitializer - Root WebApplicationContext: initialization completed in 1112 ms
2026-05-30 23:11:33 [main] INFO  traceId= org.hibernate.orm.jpa - HHH008540: Processing PersistenceUnitInfo [name: default]
2026-05-30 23:11:33 [main] INFO  traceId= org.hibernate.orm.core - HHH000001: Hibernate ORM core version 7.2.12.Final
2026-05-30 23:11:33 [main] INFO  traceId= o.s.o.j.p.SpringPersistenceUnitInfo - No LoadTimeWeaver setup: ignoring JPA class transformer
2026-05-30 23:11:33 [main] INFO  traceId= com.zaxxer.hikari.HikariDataSource - HikariPool-1 - Starting...
2026-05-30 23:11:33 [main] INFO  traceId= com.zaxxer.hikari.pool.HikariPool - HikariPool-1 - Added connection org.postgresql.jdbc.PgConnection@602aeb87
2026-05-30 23:11:33 [main] INFO  traceId= com.zaxxer.hikari.HikariDataSource - HikariPool-1 - Start completed.
2026-05-30 23:11:33 [main] INFO  traceId= o.hibernate.orm.connections.pooling - HHH10001005: Database info:
	Database JDBC URL [jdbc:postgresql://localhost:5432/flowforge]
	Database driver: PostgreSQL JDBC Driver
	Database dialect: PostgreSQLDialect
	Database version: 16.11
	Default catalog/schema: flowforge/public
	Autocommit mode: undefined/unknown
	Isolation level: READ_COMMITTED [default READ_COMMITTED]
	JDBC fetch size: none
	Pool: DataSourceConnectionProvider
	Minimum pool size: undefined/unknown
	Maximum pool size: undefined/unknown
2026-05-30 23:11:33 [main] INFO  traceId= org.hibernate.orm.core - HHH000489: No JTA platform available (set 'hibernate.transaction.jta.platform' to enable JTA platform integration)
2026-05-30 23:11:33 [main] INFO  traceId= o.s.o.j.LocalContainerEntityManagerFactoryBean - Initialized JPA EntityManagerFactory for persistence unit 'default'
2026-05-30 23:11:34 [main] WARN  traceId= o.s.b.j.a.JpaBaseConfiguration$JpaWebConfiguration - spring.jpa.open-in-view is enabled by default. Therefore, database queries may be performed during view rendering. Explicitly configure spring.jpa.open-in-view to disable this warning
2026-05-30 23:11:34 [main] WARN  traceId= o.s.b.s.a.UserDetailsServiceAutoConfiguration - 

Using generated security password: d329f831-72ca-4700-855f-664eef32bbcf

This generated password is for development use only. Your security configuration must be updated before running your application in production.

2026-05-30 23:11:34 [main] INFO  traceId= o.s.s.c.a.a.c.InitializeUserDetailsBeanManagerConfigurer$InitializeUserDetailsManagerConfigurer - Global AuthenticationManager configured with UserDetailsService bean with name inMemoryUserDetailsManager
2026-05-30 23:11:34 [main] INFO  traceId= o.s.b.a.e.web.EndpointLinksResolver - Exposing 1 endpoint beneath base path '/actuator'
2026-05-30 23:11:34 [main] INFO  traceId= o.a.coyote.http11.Http11NioProtocol - Starting ProtocolHandler ["http-nio-8080"]
2026-05-30 23:11:34 [main] INFO  traceId= o.s.boot.tomcat.TomcatWebServer - Tomcat started on port 8080 (http) with context path '/'
2026-05-30 23:11:34 [main] INFO  traceId= org.flowforge.FlowForgeApplication - Started FlowForgeApplication in 3.375 seconds (process running for 3.995)
2026-05-30 23:11:34 [main] INFO  traceId= o.f.config.logger.StartupLogger - =================================
2026-05-30 23:11:34 [main] INFO  traceId= o.f.config.logger.StartupLogger - FlowForge Backend Started
2026-05-30 23:11:34 [main] INFO  traceId= o.f.config.logger.StartupLogger - =================================
2026-05-30 23:12:27 [http-nio-8080-exec-1] INFO  traceId= o.a.c.c.C.[Tomcat].[localhost].[/] - Initializing Spring DispatcherServlet 'dispatcherServlet'
2026-05-30 23:12:27 [http-nio-8080-exec-1] INFO  traceId= o.s.web.servlet.DispatcherServlet - Initializing Servlet 'dispatcherServlet'
2026-05-30 23:12:27 [http-nio-8080-exec-1] INFO  traceId= o.s.web.servlet.DispatcherServlet - Completed initialization in 3 ms
2026-05-30 23:12:27 [http-nio-8080-exec-1] INFO  traceId=kedar-test-123 org.flowforge.test.TestController - Test endpoint called
