2026-06-01 00:49:33 [HikariPool-1:housekeeper] WARN  traceId= com.zaxxer.hikari.pool.HikariPool - HikariPool-1 - Thread starvation or clock leap detected (housekeeper delta=48s428ms).
2026-06-01 00:51:14 [HikariPool-1:housekeeper] WARN  traceId= com.zaxxer.hikari.pool.HikariPool - HikariPool-1 - Thread starvation or clock leap detected (housekeeper delta=1m40s487ms).
2026-06-01 01:07:02 [HikariPool-1:housekeeper] WARN  traceId= com.zaxxer.hikari.pool.HikariPool - HikariPool-1 - Thread starvation or clock leap detected (housekeeper delta=15m48s818ms).
2026-06-01 01:19:40 [HikariPool-1:housekeeper] WARN  traceId= com.zaxxer.hikari.pool.HikariPool - HikariPool-1 - Thread starvation or clock leap detected (housekeeper delta=12m37s656ms).
2026-06-01 01:36:47 [HikariPool-1:housekeeper] WARN  traceId= com.zaxxer.hikari.pool.HikariPool - HikariPool-1 - Thread starvation or clock leap detected (housekeeper delta=17m6s715ms).
2026-06-01 01:55:45 [HikariPool-1:housekeeper] WARN  traceId= com.zaxxer.hikari.pool.HikariPool - HikariPool-1 - Thread starvation or clock leap detected (housekeeper delta=18m57s875ms).
2026-06-01 02:15:17 [HikariPool-1:housekeeper] WARN  traceId= com.zaxxer.hikari.pool.HikariPool - HikariPool-1 - Thread starvation or clock leap detected (housekeeper delta=19m32s791ms).
2026-06-01 02:33:29 [HikariPool-1:housekeeper] WARN  traceId= com.zaxxer.hikari.pool.HikariPool - HikariPool-1 - Thread starvation or clock leap detected (housekeeper delta=18m11s344ms).
2026-06-01 03:04:30 [HikariPool-1:housekeeper] WARN  traceId= com.zaxxer.hikari.pool.HikariPool - HikariPool-1 - Thread starvation or clock leap detected (housekeeper delta=31m977ms).
2026-06-01 03:20:01 [HikariPool-1:housekeeper] WARN  traceId= com.zaxxer.hikari.pool.HikariPool - HikariPool-1 - Thread starvation or clock leap detected (housekeeper delta=15m31s461ms).
2026-06-01 04:23:30 [HikariPool-1:housekeeper] WARN  traceId= com.zaxxer.hikari.pool.HikariPool - HikariPool-1 - Thread starvation or clock leap detected (housekeeper delta=1h3m28s417ms).
2026-06-01 04:51:28 [HikariPool-1:housekeeper] WARN  traceId= com.zaxxer.hikari.pool.HikariPool - HikariPool-1 - Thread starvation or clock leap detected (housekeeper delta=27m58s229ms).
2026-06-01 04:54:55 [HikariPool-1:housekeeper] WARN  traceId= com.zaxxer.hikari.pool.HikariPool - HikariPool-1 - Thread starvation or clock leap detected (housekeeper delta=3m27s175ms).
2026-06-01 05:27:46 [HikariPool-1:housekeeper] WARN  traceId= com.zaxxer.hikari.pool.HikariPool - HikariPool-1 - Thread starvation or clock leap detected (housekeeper delta=32m50s960ms).
2026-06-01 06:10:19 [HikariPool-1:housekeeper] WARN  traceId= com.zaxxer.hikari.pool.HikariPool - HikariPool-1 - Thread starvation or clock leap detected (housekeeper delta=42m32s494ms).
2026-06-01 07:26:51 [HikariPool-1:housekeeper] WARN  traceId= com.zaxxer.hikari.pool.HikariPool - HikariPool-1 - Thread starvation or clock leap detected (housekeeper delta=1h16m32s380ms).
2026-06-01 07:54:18 [HikariPool-1:housekeeper] WARN  traceId= com.zaxxer.hikari.pool.HikariPool - HikariPool-1 - Thread starvation or clock leap detected (housekeeper delta=27m26s905ms).
2026-06-01 09:36:51 [HikariPool-1:housekeeper] WARN  traceId= com.zaxxer.hikari.pool.HikariPool - HikariPool-1 - Thread starvation or clock leap detected (housekeeper delta=1h42m33s164ms).
2026-06-01 10:11:49 [HikariPool-1:housekeeper] WARN  traceId= com.zaxxer.hikari.pool.HikariPool - HikariPool-1 - Thread starvation or clock leap detected (housekeeper delta=34m58s367ms).
2026-06-01 11:02:26 [HikariPool-1:housekeeper] WARN  traceId= com.zaxxer.hikari.pool.HikariPool - HikariPool-1 - Thread starvation or clock leap detected (housekeeper delta=50m36s152ms).
2026-06-01 12:00:30 [HikariPool-1:housekeeper] WARN  traceId= com.zaxxer.hikari.pool.HikariPool - HikariPool-1 - Thread starvation or clock leap detected (housekeeper delta=58m4s798ms).
2026-06-01 12:46:39 [HikariPool-1:housekeeper] WARN  traceId= com.zaxxer.hikari.pool.HikariPool - HikariPool-1 - Thread starvation or clock leap detected (housekeeper delta=46m8s635ms).
2026-06-01 13:11:25 [HikariPool-1:housekeeper] WARN  traceId= com.zaxxer.hikari.pool.HikariPool - HikariPool-1 - Thread starvation or clock leap detected (housekeeper delta=24m45s885ms).
2026-06-01 14:54:31 [HikariPool-1:housekeeper] WARN  traceId= com.zaxxer.hikari.pool.HikariPool - HikariPool-1 - Thread starvation or clock leap detected (housekeeper delta=5m5s580ms).
2026-06-01 15:01:55 [HikariPool-1:housekeeper] WARN  traceId= com.zaxxer.hikari.pool.HikariPool - HikariPool-1 - Thread starvation or clock leap detected (housekeeper delta=7m23s380ms).
2026-06-01 15:13:22 [HikariPool-1:housekeeper] WARN  traceId= com.zaxxer.hikari.pool.HikariPool - HikariPool-1 - Thread starvation or clock leap detected (housekeeper delta=11m26s939ms).
2026-06-01 15:20:49 [HikariPool-1:housekeeper] WARN  traceId= com.zaxxer.hikari.pool.HikariPool - HikariPool-1 - Thread starvation or clock leap detected (housekeeper delta=7m27s434ms).
2026-06-01 15:31:15 [HikariPool-1:housekeeper] WARN  traceId= com.zaxxer.hikari.pool.HikariPool - HikariPool-1 - Thread starvation or clock leap detected (housekeeper delta=10m26s283ms).
2026-06-01 15:32:22 [SpringApplicationShutdownHook] INFO  traceId= o.s.boot.tomcat.GracefulShutdown - Commencing graceful shutdown. Waiting for active requests to complete
2026-06-01 15:32:22 [tomcat-shutdown] INFO  traceId= o.s.boot.tomcat.GracefulShutdown - Graceful shutdown complete
2026-06-01 15:32:22 [SpringApplicationShutdownHook] INFO  traceId= o.s.o.j.LocalContainerEntityManagerFactoryBean - Closing JPA EntityManagerFactory for persistence unit 'default'
2026-06-01 15:32:22 [SpringApplicationShutdownHook] INFO  traceId= com.zaxxer.hikari.HikariDataSource - HikariPool-1 - Shutdown initiated...
2026-06-01 15:32:22 [SpringApplicationShutdownHook] INFO  traceId= com.zaxxer.hikari.HikariDataSource - HikariPool-1 - Shutdown completed.
2026-06-01 15:32:24 [background-preinit] INFO  traceId= o.h.validator.internal.util.Version - HV000001: Hibernate Validator 9.0.1.Final
2026-06-01 15:32:25 [main] INFO  traceId= org.flowforge.FlowForgeApplication - Starting FlowForgeApplication using Java 25.0.2 with PID 54802 (/Users/kedarchinna/Development/spring/flow_froge/target/classes started by kedarchinna in /Users/kedarchinna/Development/spring/flow_froge)
2026-06-01 15:32:25 [main] INFO  traceId= org.flowforge.FlowForgeApplication - The following 1 profile is active: "dev"
2026-06-01 15:32:25 [main] INFO  traceId= o.s.d.r.c.RepositoryConfigurationDelegate - Bootstrapping Spring Data JPA repositories in DEFAULT mode.
2026-06-01 15:32:25 [main] INFO  traceId= o.s.d.r.c.RepositoryConfigurationDelegate - Finished Spring Data repository scanning in 20 ms. Found 0 JPA repository interfaces.
2026-06-01 15:32:25 [main] INFO  traceId= o.s.boot.tomcat.TomcatWebServer - Tomcat initialized with port 8080 (http)
2026-06-01 15:32:25 [main] INFO  traceId= o.a.coyote.http11.Http11NioProtocol - Initializing ProtocolHandler ["http-nio-8080"]
2026-06-01 15:32:25 [main] INFO  traceId= o.a.catalina.core.StandardService - Starting service [Tomcat]
2026-06-01 15:32:25 [main] INFO  traceId= o.a.catalina.core.StandardEngine - Starting Servlet engine: [Apache Tomcat/11.0.21]
2026-06-01 15:32:25 [main] INFO  traceId= o.s.b.w.c.s.WebApplicationContextInitializer - Root WebApplicationContext: initialization completed in 878 ms
2026-06-01 15:32:26 [main] INFO  traceId= org.hibernate.orm.jpa - HHH008540: Processing PersistenceUnitInfo [name: default]
2026-06-01 15:32:26 [main] INFO  traceId= org.hibernate.orm.core - HHH000001: Hibernate ORM core version 7.2.12.Final
2026-06-01 15:32:26 [main] INFO  traceId= o.s.o.j.p.SpringPersistenceUnitInfo - No LoadTimeWeaver setup: ignoring JPA class transformer
2026-06-01 15:32:26 [main] INFO  traceId= com.zaxxer.hikari.HikariDataSource - HikariPool-1 - Starting...
2026-06-01 15:32:26 [main] INFO  traceId= com.zaxxer.hikari.pool.HikariPool - HikariPool-1 - Added connection org.postgresql.jdbc.PgConnection@602aeb87
2026-06-01 15:32:26 [main] INFO  traceId= com.zaxxer.hikari.HikariDataSource - HikariPool-1 - Start completed.
2026-06-01 15:32:26 [main] INFO  traceId= o.hibernate.orm.connections.pooling - HHH10001005: Database info:
	Database JDBC URL [jdbc:postgresql://localhost:5432/flowforge]
	Database driver: PostgreSQL JDBC Driver
	Database dialect: PostgreSQLDialect
	Database version: 16.11
	Default catalog/schema: flowforge/public
	Autocommit mode: undefined/unknown
	Isolation level: READ_COMMITTED [default READ_COMMITTED]
	JDBC fetch size: none
	Pool: DataSourceConnectionProvider
	Minimum pool size: undefined/unknown
	Maximum pool size: undefined/unknown
2026-06-01 15:32:27 [main] INFO  traceId= org.hibernate.orm.core - HHH000489: No JTA platform available (set 'hibernate.transaction.jta.platform' to enable JTA platform integration)
2026-06-01 15:32:27 [main] INFO  traceId= o.s.o.j.LocalContainerEntityManagerFactoryBean - Initialized JPA EntityManagerFactory for persistence unit 'default'
2026-06-01 15:32:27 [main] WARN  traceId= o.s.b.j.a.JpaBaseConfiguration$JpaWebConfiguration - spring.jpa.open-in-view is enabled by default. Therefore, database queries may be performed during view rendering. Explicitly configure spring.jpa.open-in-view to disable this warning
2026-06-01 15:32:27 [main] WARN  traceId= o.s.b.s.a.UserDetailsServiceAutoConfiguration - 

Using generated security password: 50e232c9-6fef-4419-989c-a6b01c12244d

This generated password is for development use only. Your security configuration must be updated before running your application in production.

2026-06-01 15:32:27 [main] INFO  traceId= o.s.s.c.a.a.c.InitializeUserDetailsBeanManagerConfigurer$InitializeUserDetailsManagerConfigurer - Global AuthenticationManager configured with UserDetailsService bean with name inMemoryUserDetailsManager
2026-06-01 15:32:27 [main] INFO  traceId= o.s.b.a.e.web.EndpointLinksResolver - Exposing 1 endpoint beneath base path '/actuator'
2026-06-01 15:32:27 [main] INFO  traceId= o.a.coyote.http11.Http11NioProtocol - Starting ProtocolHandler ["http-nio-8080"]
2026-06-01 15:32:27 [main] INFO  traceId= o.s.boot.tomcat.TomcatWebServer - Tomcat started on port 8080 (http) with context path '/'
2026-06-01 15:32:27 [main] INFO  traceId= org.flowforge.FlowForgeApplication - Started FlowForgeApplication in 3.034 seconds (process running for 3.495)
2026-06-01 15:32:27 [main] INFO  traceId= o.f.config.logger.StartupLogger - =================================
2026-06-01 15:32:27 [main] INFO  traceId= o.f.config.logger.StartupLogger - FlowForge Backend Started
2026-06-01 15:32:27 [main] INFO  traceId= o.f.config.logger.StartupLogger - =================================
2026-06-01 15:41:52 [http-nio-8080-exec-1] INFO  traceId= o.a.c.c.C.[Tomcat].[localhost].[/] - Initializing Spring DispatcherServlet 'dispatcherServlet'
2026-06-01 15:41:52 [http-nio-8080-exec-1] INFO  traceId= o.s.web.servlet.DispatcherServlet - Initializing Servlet 'dispatcherServlet'
2026-06-01 15:41:52 [http-nio-8080-exec-1] INFO  traceId= o.s.web.servlet.DispatcherServlet - Completed initialization in 5 ms
2026-06-01 15:41:52 [http-nio-8080-exec-1] INFO  traceId=d07788f8-4cdb-4fc2-a8a2-6ec6449e24d0 org.flowforge.test.TestController - Test endpoint called
2026-06-01 15:41:52 [http-nio-8080-exec-2] INFO  traceId=b0195e1ef5ded75690ba5e4cd5f26526 org.flowforge.test.TestController - Error endpoint called
2026-06-01 16:18:21 [SpringApplicationShutdownHook] INFO  traceId= o.s.boot.tomcat.GracefulShutdown - Commencing graceful shutdown. Waiting for active requests to complete
2026-06-01 16:18:21 [tomcat-shutdown] INFO  traceId= o.s.boot.tomcat.GracefulShutdown - Graceful shutdown complete
2026-06-01 16:18:21 [SpringApplicationShutdownHook] INFO  traceId= o.s.o.j.LocalContainerEntityManagerFactoryBean - Closing JPA EntityManagerFactory for persistence unit 'default'
2026-06-01 16:18:21 [SpringApplicationShutdownHook] INFO  traceId= com.zaxxer.hikari.HikariDataSource - HikariPool-1 - Shutdown initiated...
2026-06-01 16:18:21 [SpringApplicationShutdownHook] INFO  traceId= com.zaxxer.hikari.HikariDataSource - HikariPool-1 - Shutdown completed.
2026-06-01 16:18:29 [background-preinit] INFO  traceId= o.h.validator.internal.util.Version - HV000001: Hibernate Validator 9.0.1.Final
2026-06-01 16:18:29 [main] INFO  traceId= org.flowforge.FlowForgeApplication - Starting FlowForgeApplication using Java 25.0.2 with PID 57399 (/Users/kedarchinna/Development/spring/flow_froge/target/classes started by kedarchinna in /Users/kedarchinna/Development/spring/flow_froge)
2026-06-01 16:18:29 [main] INFO  traceId= org.flowforge.FlowForgeApplication - The following 1 profile is active: "dev"
2026-06-01 16:18:30 [main] INFO  traceId= o.s.d.r.c.RepositoryConfigurationDelegate - Bootstrapping Spring Data JPA repositories in DEFAULT mode.
2026-06-01 16:18:30 [main] INFO  traceId= o.s.d.r.c.RepositoryConfigurationDelegate - Finished Spring Data repository scanning in 29 ms. Found 5 JPA repository interfaces.
2026-06-01 16:18:30 [main] INFO  traceId= o.s.boot.tomcat.TomcatWebServer - Tomcat initialized with port 8080 (http)
2026-06-01 16:18:30 [main] INFO  traceId= o.a.coyote.http11.Http11NioProtocol - Initializing ProtocolHandler ["http-nio-8080"]
2026-06-01 16:18:30 [main] INFO  traceId= o.a.catalina.core.StandardService - Starting service [Tomcat]
2026-06-01 16:18:30 [main] INFO  traceId= o.a.catalina.core.StandardEngine - Starting Servlet engine: [Apache Tomcat/11.0.21]
2026-06-01 16:18:30 [main] INFO  traceId= o.s.b.w.c.s.WebApplicationContextInitializer - Root WebApplicationContext: initialization completed in 778 ms
2026-06-01 16:18:30 [main] INFO  traceId= org.hibernate.orm.jpa - HHH008540: Processing PersistenceUnitInfo [name: default]
2026-06-01 16:18:31 [main] INFO  traceId= org.hibernate.orm.core - HHH000001: Hibernate ORM core version 7.2.12.Final
2026-06-01 16:18:31 [main] INFO  traceId= o.s.o.j.p.SpringPersistenceUnitInfo - No LoadTimeWeaver setup: ignoring JPA class transformer
2026-06-01 16:18:31 [main] INFO  traceId= com.zaxxer.hikari.HikariDataSource - HikariPool-1 - Starting...
2026-06-01 16:18:31 [main] INFO  traceId= com.zaxxer.hikari.pool.HikariPool - HikariPool-1 - Added connection org.postgresql.jdbc.PgConnection@11174bf
2026-06-01 16:18:31 [main] INFO  traceId= com.zaxxer.hikari.HikariDataSource - HikariPool-1 - Start completed.
2026-06-01 16:18:31 [main] INFO  traceId= o.hibernate.orm.connections.pooling - HHH10001005: Database info:
	Database JDBC URL [jdbc:postgresql://localhost:5432/flowforge]
	Database driver: PostgreSQL JDBC Driver
	Database dialect: PostgreSQLDialect
	Database version: 16.11
	Default catalog/schema: flowforge/public
	Autocommit mode: undefined/unknown
	Isolation level: READ_COMMITTED [default READ_COMMITTED]
	JDBC fetch size: none
	Pool: DataSourceConnectionProvider
	Minimum pool size: undefined/unknown
	Maximum pool size: undefined/unknown
2026-06-01 16:18:31 [main] INFO  traceId= org.hibernate.orm.core - HHH000489: No JTA platform available (set 'hibernate.transaction.jta.platform' to enable JTA platform integration)
2026-06-01 16:18:31 [main] WARN  traceId= org.hibernate.orm.jdbc.warn - HHH000247: ErrorCode: 0, SQLState: 00000
2026-06-01 16:18:31 [main] WARN  traceId= org.hibernate.orm.jdbc.warn - constraint "uk6dotkott2kjsp8vw4d0m25fb7" of relation "users" does not exist, skipping
2026-06-01 16:18:31 [main] INFO  traceId= o.s.o.j.LocalContainerEntityManagerFactoryBean - Initialized JPA EntityManagerFactory for persistence unit 'default'
2026-06-01 16:18:31 [main] WARN  traceId= o.s.b.j.a.JpaBaseConfiguration$JpaWebConfiguration - spring.jpa.open-in-view is enabled by default. Therefore, database queries may be performed during view rendering. Explicitly configure spring.jpa.open-in-view to disable this warning
2026-06-01 16:18:32 [main] WARN  traceId= o.s.b.s.a.UserDetailsServiceAutoConfiguration - 

Using generated security password: 7b247fb2-ac3a-4082-9302-539d53ddcf9c

This generated password is for development use only. Your security configuration must be updated before running your application in production.

2026-06-01 16:18:32 [main] INFO  traceId= o.s.s.c.a.a.c.InitializeUserDetailsBeanManagerConfigurer$InitializeUserDetailsManagerConfigurer - Global AuthenticationManager configured with UserDetailsService bean with name inMemoryUserDetailsManager
2026-06-01 16:18:32 [main] INFO  traceId= o.s.d.j.r.q.QueryEnhancerFactories - Hibernate is in classpath; If applicable, HQL parser will be used.
2026-06-01 16:18:32 [main] INFO  traceId= o.s.b.a.e.web.EndpointLinksResolver - Exposing 1 endpoint beneath base path '/actuator'
2026-06-01 16:18:32 [main] INFO  traceId= o.a.coyote.http11.Http11NioProtocol - Starting ProtocolHandler ["http-nio-8080"]
2026-06-01 16:18:32 [main] INFO  traceId= o.s.boot.tomcat.TomcatWebServer - Tomcat started on port 8080 (http) with context path '/'
2026-06-01 16:18:32 [main] INFO  traceId= org.flowforge.FlowForgeApplication - Started FlowForgeApplication in 2.868 seconds (process running for 3.149)
2026-06-01 16:18:32 [main] INFO  traceId= o.f.config.logger.StartupLogger - =================================
2026-06-01 16:18:32 [main] INFO  traceId= o.f.config.logger.StartupLogger - FlowForge Backend Started
2026-06-01 16:18:32 [main] INFO  traceId= o.f.config.logger.StartupLogger - =================================
2026-06-01 17:09:34 [HikariPool-1:housekeeper] WARN  traceId= com.zaxxer.hikari.pool.HikariPool - HikariPool-1 - Thread starvation or clock leap detected (housekeeper delta=18m3s344ms).
2026-06-01 17:11:15 [HikariPool-1:housekeeper] WARN  traceId= com.zaxxer.hikari.pool.HikariPool - HikariPool-1 - Thread starvation or clock leap detected (housekeeper delta=1m40s689ms).
2026-06-01 17:48:56 [http-nio-8080-exec-2] INFO  traceId= o.a.c.c.C.[Tomcat].[localhost].[/] - Initializing Spring DispatcherServlet 'dispatcherServlet'
2026-06-01 17:48:56 [http-nio-8080-exec-2] INFO  traceId= o.s.web.servlet.DispatcherServlet - Initializing Servlet 'dispatcherServlet'
2026-06-01 17:48:56 [http-nio-8080-exec-2] INFO  traceId= o.s.web.servlet.DispatcherServlet - Completed initialization in 56 ms
2026-06-01 17:48:56 [http-nio-8080-exec-2] INFO  traceId=243c2f44e0ce101dae0b0b1b1c027915 org.flowforge.test.TestController - Error endpoint called
2026-06-01 17:49:09 [SpringApplicationShutdownHook] INFO  traceId= o.s.boot.tomcat.GracefulShutdown - Commencing graceful shutdown. Waiting for active requests to complete
2026-06-01 17:49:09 [tomcat-shutdown] INFO  traceId= o.s.boot.tomcat.GracefulShutdown - Graceful shutdown complete
2026-06-01 17:49:09 [SpringApplicationShutdownHook] INFO  traceId= o.s.o.j.LocalContainerEntityManagerFactoryBean - Closing JPA EntityManagerFactory for persistence unit 'default'
2026-06-01 17:49:10 [SpringApplicationShutdownHook] INFO  traceId= com.zaxxer.hikari.HikariDataSource - HikariPool-1 - Shutdown initiated...
2026-06-01 17:49:10 [SpringApplicationShutdownHook] INFO  traceId= com.zaxxer.hikari.HikariDataSource - HikariPool-1 - Shutdown completed.
2026-06-01 17:49:12 [background-preinit] INFO  traceId= o.h.validator.internal.util.Version - HV000001: Hibernate Validator 9.0.1.Final
2026-06-01 17:49:12 [main] INFO  traceId= org.flowforge.FlowForgeApplication - Starting FlowForgeApplication using Java 25.0.2 with PID 60734 (/Users/kedarchinna/Development/spring/flow_froge/target/classes started by kedarchinna in /Users/kedarchinna/Development/spring/flow_froge)
2026-06-01 17:49:12 [main] INFO  traceId= org.flowforge.FlowForgeApplication - The following 1 profile is active: "dev"
2026-06-01 17:49:13 [main] INFO  traceId= o.s.d.r.c.RepositoryConfigurationDelegate - Bootstrapping Spring Data JPA repositories in DEFAULT mode.
2026-06-01 17:49:13 [main] INFO  traceId= o.s.d.r.c.RepositoryConfigurationDelegate - Finished Spring Data repository scanning in 33 ms. Found 5 JPA repository interfaces.
2026-06-01 17:49:13 [main] INFO  traceId= o.s.boot.tomcat.TomcatWebServer - Tomcat initialized with port 8080 (http)
2026-06-01 17:49:13 [main] INFO  traceId= o.a.coyote.http11.Http11NioProtocol - Initializing ProtocolHandler ["http-nio-8080"]
2026-06-01 17:49:13 [main] INFO  traceId= o.a.catalina.core.StandardService - Starting service [Tomcat]
2026-06-01 17:49:13 [main] INFO  traceId= o.a.catalina.core.StandardEngine - Starting Servlet engine: [Apache Tomcat/11.0.21]
2026-06-01 17:49:13 [main] INFO  traceId= o.s.b.w.c.s.WebApplicationContextInitializer - Root WebApplicationContext: initialization completed in 806 ms
2026-06-01 17:49:13 [main] INFO  traceId= org.hibernate.orm.jpa - HHH008540: Processing PersistenceUnitInfo [name: default]
2026-06-01 17:49:13 [main] INFO  traceId= org.hibernate.orm.core - HHH000001: Hibernate ORM core version 7.2.12.Final
2026-06-01 17:49:14 [main] INFO  traceId= o.s.o.j.p.SpringPersistenceUnitInfo - No LoadTimeWeaver setup: ignoring JPA class transformer
2026-06-01 17:49:14 [main] INFO  traceId= com.zaxxer.hikari.HikariDataSource - HikariPool-1 - Starting...
2026-06-01 17:49:14 [main] INFO  traceId= com.zaxxer.hikari.pool.HikariPool - HikariPool-1 - Added connection org.postgresql.jdbc.PgConnection@5810772a
2026-06-01 17:49:14 [main] INFO  traceId= com.zaxxer.hikari.HikariDataSource - HikariPool-1 - Start completed.
2026-06-01 17:49:14 [main] INFO  traceId= o.hibernate.orm.connections.pooling - HHH10001005: Database info:
	Database JDBC URL [jdbc:postgresql://localhost:5432/flowforge]
	Database driver: PostgreSQL JDBC Driver
	Database dialect: PostgreSQLDialect
	Database version: 16.11
	Default catalog/schema: flowforge/public
	Autocommit mode: undefined/unknown
	Isolation level: READ_COMMITTED [default READ_COMMITTED]
	JDBC fetch size: none
	Pool: DataSourceConnectionProvider
	Minimum pool size: undefined/unknown
	Maximum pool size: undefined/unknown
2026-06-01 17:49:14 [main] INFO  traceId= org.hibernate.orm.core - HHH000489: No JTA platform available (set 'hibernate.transaction.jta.platform' to enable JTA platform integration)
2026-06-01 17:49:14 [main] INFO  traceId= o.s.o.j.LocalContainerEntityManagerFactoryBean - Initialized JPA EntityManagerFactory for persistence unit 'default'
2026-06-01 17:49:14 [main] WARN  traceId= o.s.b.w.s.s.c.AnnotationConfigServletWebServerApplicationContext - Exception encountered during context initialization - cancelling refresh attempt: org.springframework.beans.factory.UnsatisfiedDependencyException: Error creating bean with name 'authController' defined in file [/Users/kedarchinna/Development/spring/flow_froge/target/classes/org/flowforge/auth/controller/AuthController.class]: Unsatisfied dependency expressed through constructor parameter 0: No qualifying bean of type 'org.flowforge.auth.service.AuthService' available: expected at least 1 bean which qualifies as autowire candidate. Dependency annotations: {}
2026-06-01 17:49:14 [main] INFO  traceId= o.s.o.j.LocalContainerEntityManagerFactoryBean - Closing JPA EntityManagerFactory for persistence unit 'default'
2026-06-01 17:49:14 [main] INFO  traceId= com.zaxxer.hikari.HikariDataSource - HikariPool-1 - Shutdown initiated...
2026-06-01 17:49:14 [main] INFO  traceId= com.zaxxer.hikari.HikariDataSource - HikariPool-1 - Shutdown completed.
2026-06-01 17:49:14 [main] INFO  traceId= i.o.sdk.logs.SdkLoggerProvider - Calling shutdown() multiple times.
2026-06-01 17:49:14 [main] INFO  traceId= i.o.sdk.trace.SdkTracerProvider - Calling shutdown() multiple times.
2026-06-01 17:49:14 [main] INFO  traceId= o.a.catalina.core.StandardService - Stopping service [Tomcat]
2026-06-01 17:49:14 [main] INFO  traceId= o.s.b.a.l.ConditionEvaluationReportLogger - 

Error starting ApplicationContext. To display the condition evaluation report re-run your application with 'debug' enabled.
2026-06-01 17:49:14 [main] ERROR traceId= o.s.b.d.LoggingFailureAnalysisReporter - 

***************************
APPLICATION FAILED TO START
***************************

Description:

Parameter 0 of constructor in org.flowforge.auth.controller.AuthController required a bean of type 'org.flowforge.auth.service.AuthService' that could not be found.


Action:

Consider defining a bean of type 'org.flowforge.auth.service.AuthService' in your configuration.

2026-06-01 17:49:46 [background-preinit] INFO  traceId= o.h.validator.internal.util.Version - HV000001: Hibernate Validator 9.0.1.Final
2026-06-01 17:49:46 [main] INFO  traceId= org.flowforge.FlowForgeApplication - Starting FlowForgeApplication using Java 25.0.2 with PID 60771 (/Users/kedarchinna/Development/spring/flow_froge/target/classes started by kedarchinna in /Users/kedarchinna/Development/spring/flow_froge)
2026-06-01 17:49:46 [main] INFO  traceId= org.flowforge.FlowForgeApplication - The following 1 profile is active: "dev"
2026-06-01 17:49:46 [main] INFO  traceId= o.s.d.r.c.RepositoryConfigurationDelegate - Bootstrapping Spring Data JPA repositories in DEFAULT mode.
2026-06-01 17:49:46 [main] INFO  traceId= o.s.d.r.c.RepositoryConfigurationDelegate - Finished Spring Data repository scanning in 28 ms. Found 5 JPA repository interfaces.
2026-06-01 17:49:46 [main] INFO  traceId= o.s.boot.tomcat.TomcatWebServer - Tomcat initialized with port 8080 (http)
2026-06-01 17:49:46 [main] INFO  traceId= o.a.coyote.http11.Http11NioProtocol - Initializing ProtocolHandler ["http-nio-8080"]
2026-06-01 17:49:46 [main] INFO  traceId= o.a.catalina.core.StandardService - Starting service [Tomcat]
2026-06-01 17:49:46 [main] INFO  traceId= o.a.catalina.core.StandardEngine - Starting Servlet engine: [Apache Tomcat/11.0.21]
2026-06-01 17:49:47 [main] INFO  traceId= o.s.b.w.c.s.WebApplicationContextInitializer - Root WebApplicationContext: initialization completed in 817 ms
2026-06-01 17:49:47 [main] INFO  traceId= org.hibernate.orm.jpa - HHH008540: Processing PersistenceUnitInfo [name: default]
2026-06-01 17:49:47 [main] INFO  traceId= org.hibernate.orm.core - HHH000001: Hibernate ORM core version 7.2.12.Final
2026-06-01 17:49:47 [main] INFO  traceId= o.s.o.j.p.SpringPersistenceUnitInfo - No LoadTimeWeaver setup: ignoring JPA class transformer
2026-06-01 17:49:47 [main] INFO  traceId= com.zaxxer.hikari.HikariDataSource - HikariPool-1 - Starting...
2026-06-01 17:49:47 [main] INFO  traceId= com.zaxxer.hikari.pool.HikariPool - HikariPool-1 - Added connection org.postgresql.jdbc.PgConnection@7d43f1c9
2026-06-01 17:49:47 [main] INFO  traceId= com.zaxxer.hikari.HikariDataSource - HikariPool-1 - Start completed.
2026-06-01 17:49:47 [main] INFO  traceId= o.hibernate.orm.connections.pooling - HHH10001005: Database info:
	Database JDBC URL [jdbc:postgresql://localhost:5432/flowforge]
	Database driver: PostgreSQL JDBC Driver
	Database dialect: PostgreSQLDialect
	Database version: 16.11
	Default catalog/schema: flowforge/public
	Autocommit mode: undefined/unknown
	Isolation level: READ_COMMITTED [default READ_COMMITTED]
	JDBC fetch size: none
	Pool: DataSourceConnectionProvider
	Minimum pool size: undefined/unknown
	Maximum pool size: undefined/unknown
2026-06-01 17:49:48 [main] INFO  traceId= org.hibernate.orm.core - HHH000489: No JTA platform available (set 'hibernate.transaction.jta.platform' to enable JTA platform integration)
2026-06-01 17:49:48 [main] INFO  traceId= o.s.o.j.LocalContainerEntityManagerFactoryBean - Initialized JPA EntityManagerFactory for persistence unit 'default'
2026-06-01 17:49:48 [main] INFO  traceId= o.s.d.j.r.q.QueryEnhancerFactories - Hibernate is in classpath; If applicable, HQL parser will be used.
2026-06-01 17:49:48 [main] WARN  traceId= o.s.b.j.a.JpaBaseConfiguration$JpaWebConfiguration - spring.jpa.open-in-view is enabled by default. Therefore, database queries may be performed during view rendering. Explicitly configure spring.jpa.open-in-view to disable this warning
2026-06-01 17:49:48 [main] WARN  traceId= o.s.b.s.a.UserDetailsServiceAutoConfiguration - 

Using generated security password: fe0ed1df-28a8-4482-8081-f89c74ac0526

This generated password is for development use only. Your security configuration must be updated before running your application in production.

2026-06-01 17:49:48 [main] INFO  traceId= o.s.s.c.a.a.c.InitializeUserDetailsBeanManagerConfigurer$InitializeUserDetailsManagerConfigurer - Global AuthenticationManager configured with UserDetailsService bean with name inMemoryUserDetailsManager
2026-06-01 17:49:48 [main] INFO  traceId= o.s.b.a.e.web.EndpointLinksResolver - Exposing 1 endpoint beneath base path '/actuator'
2026-06-01 17:49:48 [main] INFO  traceId= o.a.coyote.http11.Http11NioProtocol - Starting ProtocolHandler ["http-nio-8080"]
2026-06-01 17:49:48 [main] INFO  traceId= o.s.boot.tomcat.TomcatWebServer - Tomcat started on port 8080 (http) with context path '/'
2026-06-01 17:49:48 [main] INFO  traceId= org.flowforge.FlowForgeApplication - Started FlowForgeApplication in 3.061 seconds (process running for 3.345)
2026-06-01 17:49:48 [main] INFO  traceId= o.f.config.logger.StartupLogger - =================================
2026-06-01 17:49:48 [main] INFO  traceId= o.f.config.logger.StartupLogger - FlowForge Backend Started
2026-06-01 17:49:48 [main] INFO  traceId= o.f.config.logger.StartupLogger - =================================
2026-06-01 17:49:56 [http-nio-8080-exec-2] INFO  traceId= o.a.c.c.C.[Tomcat].[localhost].[/] - Initializing Spring DispatcherServlet 'dispatcherServlet'
2026-06-01 17:49:56 [http-nio-8080-exec-2] INFO  traceId= o.s.web.servlet.DispatcherServlet - Initializing Servlet 'dispatcherServlet'
2026-06-01 17:49:56 [http-nio-8080-exec-2] INFO  traceId= o.s.web.servlet.DispatcherServlet - Completed initialization in 3 ms
2026-06-01 17:49:56 [http-nio-8080-exec-2] INFO  traceId=e68756f21c71a8931802bcd645db409b org.flowforge.test.TestController - Error endpoint called
2026-06-01 17:50:28 [http-nio-8080-exec-4] INFO  traceId=d6bf3be031e61dd4a01f6f77b16dac20 org.flowforge.test.TestController - Error endpoint called
2026-06-01 17:51:05 [SpringApplicationShutdownHook] INFO  traceId= o.s.boot.tomcat.GracefulShutdown - Commencing graceful shutdown. Waiting for active requests to complete
2026-06-01 17:51:05 [tomcat-shutdown] INFO  traceId= o.s.boot.tomcat.GracefulShutdown - Graceful shutdown complete
2026-06-01 17:51:05 [SpringApplicationShutdownHook] INFO  traceId= o.s.o.j.LocalContainerEntityManagerFactoryBean - Closing JPA EntityManagerFactory for persistence unit 'default'
2026-06-01 17:51:05 [SpringApplicationShutdownHook] INFO  traceId= com.zaxxer.hikari.HikariDataSource - HikariPool-1 - Shutdown initiated...
2026-06-01 17:51:05 [SpringApplicationShutdownHook] INFO  traceId= com.zaxxer.hikari.HikariDataSource - HikariPool-1 - Shutdown completed.
2026-06-01 17:51:08 [background-preinit] INFO  traceId= o.h.validator.internal.util.Version - HV000001: Hibernate Validator 9.0.1.Final
2026-06-01 17:51:08 [main] INFO  traceId= org.flowforge.FlowForgeApplication - Starting FlowForgeApplication using Java 25.0.2 with PID 60829 (/Users/kedarchinna/Development/spring/flow_froge/target/classes started by kedarchinna in /Users/kedarchinna/Development/spring/flow_froge)
2026-06-01 17:51:08 [main] INFO  traceId= org.flowforge.FlowForgeApplication - The following 1 profile is active: "dev"
2026-06-01 17:51:08 [main] INFO  traceId= o.s.d.r.c.RepositoryConfigurationDelegate - Bootstrapping Spring Data JPA repositories in DEFAULT mode.
2026-06-01 17:51:08 [main] INFO  traceId= o.s.d.r.c.RepositoryConfigurationDelegate - Finished Spring Data repository scanning in 27 ms. Found 5 JPA repository interfaces.
2026-06-01 17:51:08 [main] INFO  traceId= o.s.boot.tomcat.TomcatWebServer - Tomcat initialized with port 8080 (http)
2026-06-01 17:51:08 [main] INFO  traceId= o.a.coyote.http11.Http11NioProtocol - Initializing ProtocolHandler ["http-nio-8080"]
2026-06-01 17:51:08 [main] INFO  traceId= o.a.catalina.core.StandardService - Starting service [Tomcat]
2026-06-01 17:51:08 [main] INFO  traceId= o.a.catalina.core.StandardEngine - Starting Servlet engine: [Apache Tomcat/11.0.21]
2026-06-01 17:51:09 [main] INFO  traceId= o.s.b.w.c.s.WebApplicationContextInitializer - Root WebApplicationContext: initialization completed in 900 ms
2026-06-01 17:51:09 [main] INFO  traceId= org.hibernate.orm.jpa - HHH008540: Processing PersistenceUnitInfo [name: default]
2026-06-01 17:51:09 [main] INFO  traceId= org.hibernate.orm.core - HHH000001: Hibernate ORM core version 7.2.12.Final
2026-06-01 17:51:09 [main] INFO  traceId= o.s.o.j.p.SpringPersistenceUnitInfo - No LoadTimeWeaver setup: ignoring JPA class transformer
2026-06-01 17:51:09 [main] INFO  traceId= com.zaxxer.hikari.HikariDataSource - HikariPool-1 - Starting...
2026-06-01 17:51:09 [main] INFO  traceId= com.zaxxer.hikari.pool.HikariPool - HikariPool-1 - Added connection org.postgresql.jdbc.PgConnection@61607ff0
2026-06-01 17:51:09 [main] INFO  traceId= com.zaxxer.hikari.HikariDataSource - HikariPool-1 - Start completed.
2026-06-01 17:51:09 [main] INFO  traceId= o.hibernate.orm.connections.pooling - HHH10001005: Database info:
	Database JDBC URL [jdbc:postgresql://localhost:5432/flowforge]
	Database driver: PostgreSQL JDBC Driver
	Database dialect: PostgreSQLDialect
	Database version: 16.11
	Default catalog/schema: flowforge/public
	Autocommit mode: undefined/unknown
	Isolation level: READ_COMMITTED [default READ_COMMITTED]
	JDBC fetch size: none
	Pool: DataSourceConnectionProvider
	Minimum pool size: undefined/unknown
	Maximum pool size: undefined/unknown
2026-06-01 17:51:10 [main] INFO  traceId= org.hibernate.orm.core - HHH000489: No JTA platform available (set 'hibernate.transaction.jta.platform' to enable JTA platform integration)
2026-06-01 17:51:10 [main] INFO  traceId= o.s.o.j.LocalContainerEntityManagerFactoryBean - Initialized JPA EntityManagerFactory for persistence unit 'default'
2026-06-01 17:51:10 [main] INFO  traceId= o.s.d.j.r.q.QueryEnhancerFactories - Hibernate is in classpath; If applicable, HQL parser will be used.
2026-06-01 17:51:10 [main] WARN  traceId= o.s.b.j.a.JpaBaseConfiguration$JpaWebConfiguration - spring.jpa.open-in-view is enabled by default. Therefore, database queries may be performed during view rendering. Explicitly configure spring.jpa.open-in-view to disable this warning
2026-06-01 17:51:10 [main] WARN  traceId= o.s.b.s.a.UserDetailsServiceAutoConfiguration - 

Using generated security password: a3b6a9d9-0661-4fb7-a4fd-7a377f8b76a8

This generated password is for development use only. Your security configuration must be updated before running your application in production.

2026-06-01 17:51:10 [main] INFO  traceId= o.s.s.c.a.a.c.InitializeUserDetailsBeanManagerConfigurer$InitializeUserDetailsManagerConfigurer - Global AuthenticationManager configured with UserDetailsService bean with name inMemoryUserDetailsManager
2026-06-01 17:51:10 [main] INFO  traceId= o.s.b.a.e.web.EndpointLinksResolver - Exposing 1 endpoint beneath base path '/actuator'
2026-06-01 17:51:10 [main] INFO  traceId= o.a.coyote.http11.Http11NioProtocol - Starting ProtocolHandler ["http-nio-8080"]
2026-06-01 17:51:10 [main] INFO  traceId= o.s.boot.tomcat.TomcatWebServer - Tomcat started on port 8080 (http) with context path '/'
2026-06-01 17:51:10 [main] INFO  traceId= org.flowforge.FlowForgeApplication - Started FlowForgeApplication in 3.4 seconds (process running for 4.112)
2026-06-01 17:51:11 [main] INFO  traceId= o.f.config.logger.StartupLogger - =================================
2026-06-01 17:51:11 [main] INFO  traceId= o.f.config.logger.StartupLogger - FlowForge Backend Started
2026-06-01 17:51:11 [main] INFO  traceId= o.f.config.logger.StartupLogger - =================================
2026-06-01 17:51:59 [SpringApplicationShutdownHook] INFO  traceId= o.s.boot.tomcat.GracefulShutdown - Commencing graceful shutdown. Waiting for active requests to complete
2026-06-01 17:51:59 [tomcat-shutdown] INFO  traceId= o.s.boot.tomcat.GracefulShutdown - Graceful shutdown complete
2026-06-01 17:51:59 [SpringApplicationShutdownHook] INFO  traceId= o.s.o.j.LocalContainerEntityManagerFactoryBean - Closing JPA EntityManagerFactory for persistence unit 'default'
2026-06-01 17:51:59 [SpringApplicationShutdownHook] INFO  traceId= com.zaxxer.hikari.HikariDataSource - HikariPool-1 - Shutdown initiated...
2026-06-01 17:51:59 [SpringApplicationShutdownHook] INFO  traceId= com.zaxxer.hikari.HikariDataSource - HikariPool-1 - Shutdown completed.
2026-06-01 17:52:02 [background-preinit] INFO  traceId= o.h.validator.internal.util.Version - HV000001: Hibernate Validator 9.0.1.Final
2026-06-01 17:52:02 [main] INFO  traceId= org.flowforge.FlowForgeApplication - Starting FlowForgeApplication using Java 25.0.2 with PID 60884 (/Users/kedarchinna/Development/spring/flow_froge/target/classes started by kedarchinna in /Users/kedarchinna/Development/spring/flow_froge)
2026-06-01 17:52:02 [main] INFO  traceId= org.flowforge.FlowForgeApplication - The following 1 profile is active: "dev"
2026-06-01 17:52:02 [main] INFO  traceId= o.s.d.r.c.RepositoryConfigurationDelegate - Bootstrapping Spring Data JPA repositories in DEFAULT mode.
2026-06-01 17:52:02 [main] INFO  traceId= o.s.d.r.c.RepositoryConfigurationDelegate - Finished Spring Data repository scanning in 25 ms. Found 5 JPA repository interfaces.
2026-06-01 17:52:03 [main] INFO  traceId= o.s.boot.tomcat.TomcatWebServer - Tomcat initialized with port 8080 (http)
2026-06-01 17:52:03 [main] INFO  traceId= o.a.coyote.http11.Http11NioProtocol - Initializing ProtocolHandler ["http-nio-8080"]
2026-06-01 17:52:03 [main] INFO  traceId= o.a.catalina.core.StandardService - Starting service [Tomcat]
2026-06-01 17:52:03 [main] INFO  traceId= o.a.catalina.core.StandardEngine - Starting Servlet engine: [Apache Tomcat/11.0.21]
2026-06-01 17:52:03 [main] INFO  traceId= o.s.b.w.c.s.WebApplicationContextInitializer - Root WebApplicationContext: initialization completed in 830 ms
2026-06-01 17:52:03 [main] INFO  traceId= org.hibernate.orm.jpa - HHH008540: Processing PersistenceUnitInfo [name: default]
2026-06-01 17:52:03 [main] INFO  traceId= org.hibernate.orm.core - HHH000001: Hibernate ORM core version 7.2.12.Final
2026-06-01 17:52:03 [main] INFO  traceId= o.s.o.j.p.SpringPersistenceUnitInfo - No LoadTimeWeaver setup: ignoring JPA class transformer
2026-06-01 17:52:03 [main] INFO  traceId= com.zaxxer.hikari.HikariDataSource - HikariPool-1 - Starting...
2026-06-01 17:52:03 [main] INFO  traceId= com.zaxxer.hikari.pool.HikariPool - HikariPool-1 - Added connection org.postgresql.jdbc.PgConnection@61607ff0
2026-06-01 17:52:03 [main] INFO  traceId= com.zaxxer.hikari.HikariDataSource - HikariPool-1 - Start completed.
2026-06-01 17:52:03 [main] INFO  traceId= o.hibernate.orm.connections.pooling - HHH10001005: Database info:
	Database JDBC URL [jdbc:postgresql://localhost:5432/flowforge]
	Database driver: PostgreSQL JDBC Driver
	Database dialect: PostgreSQLDialect
	Database version: 16.11
	Default catalog/schema: flowforge/public
	Autocommit mode: undefined/unknown
	Isolation level: READ_COMMITTED [default READ_COMMITTED]
	JDBC fetch size: none
	Pool: DataSourceConnectionProvider
	Minimum pool size: undefined/unknown
	Maximum pool size: undefined/unknown
2026-06-01 17:52:04 [main] INFO  traceId= org.hibernate.orm.core - HHH000489: No JTA platform available (set 'hibernate.transaction.jta.platform' to enable JTA platform integration)
2026-06-01 17:52:04 [main] INFO  traceId= o.s.o.j.LocalContainerEntityManagerFactoryBean - Initialized JPA EntityManagerFactory for persistence unit 'default'
2026-06-01 17:52:04 [main] INFO  traceId= o.s.d.j.r.q.QueryEnhancerFactories - Hibernate is in classpath; If applicable, HQL parser will be used.
2026-06-01 17:52:04 [main] WARN  traceId= o.s.b.j.a.JpaBaseConfiguration$JpaWebConfiguration - spring.jpa.open-in-view is enabled by default. Therefore, database queries may be performed during view rendering. Explicitly configure spring.jpa.open-in-view to disable this warning
2026-06-01 17:52:04 [main] WARN  traceId= o.s.b.s.a.UserDetailsServiceAutoConfiguration - 

Using generated security password: 2ca16b9b-d553-4534-9de7-3e50991a5fba

This generated password is for development use only. Your security configuration must be updated before running your application in production.

2026-06-01 17:52:04 [main] INFO  traceId= o.s.s.c.a.a.c.InitializeUserDetailsBeanManagerConfigurer$InitializeUserDetailsManagerConfigurer - Global AuthenticationManager configured with UserDetailsService bean with name inMemoryUserDetailsManager
2026-06-01 17:52:05 [main] INFO  traceId= o.s.b.a.e.web.EndpointLinksResolver - Exposing 1 endpoint beneath base path '/actuator'
2026-06-01 17:52:05 [main] INFO  traceId= o.a.coyote.http11.Http11NioProtocol - Starting ProtocolHandler ["http-nio-8080"]
2026-06-01 17:52:05 [main] INFO  traceId= o.s.boot.tomcat.TomcatWebServer - Tomcat started on port 8080 (http) with context path '/'
2026-06-01 17:52:05 [main] INFO  traceId= org.flowforge.FlowForgeApplication - Started FlowForgeApplication in 3.09 seconds (process running for 3.515)
2026-06-01 17:52:05 [main] INFO  traceId= o.f.config.logger.StartupLogger - =================================
2026-06-01 17:52:05 [main] INFO  traceId= o.f.config.logger.StartupLogger - FlowForge Backend Started
2026-06-01 17:52:05 [main] INFO  traceId= o.f.config.logger.StartupLogger - =================================
2026-06-01 17:52:10 [http-nio-8080-exec-2] INFO  traceId= o.a.c.c.C.[Tomcat].[localhost].[/] - Initializing Spring DispatcherServlet 'dispatcherServlet'
2026-06-01 17:52:10 [http-nio-8080-exec-2] INFO  traceId= o.s.web.servlet.DispatcherServlet - Initializing Servlet 'dispatcherServlet'
2026-06-01 17:52:10 [http-nio-8080-exec-2] INFO  traceId= o.s.web.servlet.DispatcherServlet - Completed initialization in 3 ms
2026-06-01 17:54:37 [SpringApplicationShutdownHook] INFO  traceId= o.s.boot.tomcat.GracefulShutdown - Commencing graceful shutdown. Waiting for active requests to complete
2026-06-01 17:54:37 [tomcat-shutdown] INFO  traceId= o.s.boot.tomcat.GracefulShutdown - Graceful shutdown complete
2026-06-01 17:54:37 [SpringApplicationShutdownHook] INFO  traceId= o.s.o.j.LocalContainerEntityManagerFactoryBean - Closing JPA EntityManagerFactory for persistence unit 'default'
2026-06-01 17:54:37 [SpringApplicationShutdownHook] INFO  traceId= com.zaxxer.hikari.HikariDataSource - HikariPool-1 - Shutdown initiated...
2026-06-01 17:54:37 [SpringApplicationShutdownHook] INFO  traceId= com.zaxxer.hikari.HikariDataSource - HikariPool-1 - Shutdown completed.
2026-06-01 17:54:41 [background-preinit] INFO  traceId= o.h.validator.internal.util.Version - HV000001: Hibernate Validator 9.0.1.Final
2026-06-01 17:54:41 [main] INFO  traceId= org.flowforge.FlowForgeApplication - Starting FlowForgeApplication using Java 25.0.2 with PID 60985 (/Users/kedarchinna/Development/spring/flow_froge/target/classes started by kedarchinna in /Users/kedarchinna/Development/spring/flow_froge)
2026-06-01 17:54:41 [main] INFO  traceId= org.flowforge.FlowForgeApplication - The following 1 profile is active: "dev"
2026-06-01 17:54:41 [main] INFO  traceId= o.s.d.r.c.RepositoryConfigurationDelegate - Bootstrapping Spring Data JPA repositories in DEFAULT mode.
2026-06-01 17:54:41 [main] INFO  traceId= o.s.d.r.c.RepositoryConfigurationDelegate - Finished Spring Data repository scanning in 23 ms. Found 5 JPA repository interfaces.
2026-06-01 17:54:41 [main] INFO  traceId= o.s.boot.tomcat.TomcatWebServer - Tomcat initialized with port 8080 (http)
2026-06-01 17:54:41 [main] INFO  traceId= o.a.coyote.http11.Http11NioProtocol - Initializing ProtocolHandler ["http-nio-8080"]
2026-06-01 17:54:41 [main] INFO  traceId= o.a.catalina.core.StandardService - Starting service [Tomcat]
2026-06-01 17:54:41 [main] INFO  traceId= o.a.catalina.core.StandardEngine - Starting Servlet engine: [Apache Tomcat/11.0.21]
2026-06-01 17:54:42 [main] INFO  traceId= o.s.b.w.c.s.WebApplicationContextInitializer - Root WebApplicationContext: initialization completed in 884 ms
2026-06-01 17:54:42 [main] INFO  traceId= org.hibernate.orm.jpa - HHH008540: Processing PersistenceUnitInfo [name: default]
2026-06-01 17:54:42 [main] INFO  traceId= org.hibernate.orm.core - HHH000001: Hibernate ORM core version 7.2.12.Final
2026-06-01 17:54:42 [main] INFO  traceId= o.s.o.j.p.SpringPersistenceUnitInfo - No LoadTimeWeaver setup: ignoring JPA class transformer
2026-06-01 17:54:42 [main] INFO  traceId= com.zaxxer.hikari.HikariDataSource - HikariPool-1 - Starting...
2026-06-01 17:54:42 [main] INFO  traceId= com.zaxxer.hikari.pool.HikariPool - HikariPool-1 - Added connection org.postgresql.jdbc.PgConnection@1dce481b
2026-06-01 17:54:42 [main] INFO  traceId= com.zaxxer.hikari.HikariDataSource - HikariPool-1 - Start completed.
2026-06-01 17:54:42 [main] INFO  traceId= o.hibernate.orm.connections.pooling - HHH10001005: Database info:
	Database JDBC URL [jdbc:postgresql://localhost:5432/flowforge]
	Database driver: PostgreSQL JDBC Driver
	Database dialect: PostgreSQLDialect
	Database version: 16.11
	Default catalog/schema: flowforge/public
	Autocommit mode: undefined/unknown
	Isolation level: READ_COMMITTED [default READ_COMMITTED]
	JDBC fetch size: none
	Pool: DataSourceConnectionProvider
	Minimum pool size: undefined/unknown
	Maximum pool size: undefined/unknown
2026-06-01 17:54:43 [main] INFO  traceId= org.hibernate.orm.core - HHH000489: No JTA platform available (set 'hibernate.transaction.jta.platform' to enable JTA platform integration)
2026-06-01 17:54:43 [main] INFO  traceId= o.s.o.j.LocalContainerEntityManagerFactoryBean - Initialized JPA EntityManagerFactory for persistence unit 'default'
2026-06-01 17:54:43 [main] INFO  traceId= o.s.d.j.r.q.QueryEnhancerFactories - Hibernate is in classpath; If applicable, HQL parser will be used.
2026-06-01 17:54:43 [main] WARN  traceId= o.s.b.j.a.JpaBaseConfiguration$JpaWebConfiguration - spring.jpa.open-in-view is enabled by default. Therefore, database queries may be performed during view rendering. Explicitly configure spring.jpa.open-in-view to disable this warning
2026-06-01 17:54:43 [main] WARN  traceId= o.s.b.s.a.UserDetailsServiceAutoConfiguration - 

Using generated security password: 61a4403f-95ab-492a-8f74-9ab8c986a37d

This generated password is for development use only. Your security configuration must be updated before running your application in production.

2026-06-01 17:54:43 [main] INFO  traceId= o.s.s.c.a.a.c.InitializeUserDetailsBeanManagerConfigurer$InitializeUserDetailsManagerConfigurer - Global AuthenticationManager configured with UserDetailsService bean with name inMemoryUserDetailsManager
2026-06-01 17:54:44 [main] INFO  traceId= o.s.b.a.e.web.EndpointLinksResolver - Exposing 1 endpoint beneath base path '/actuator'
2026-06-01 17:54:44 [main] INFO  traceId= o.a.coyote.http11.Http11NioProtocol - Starting ProtocolHandler ["http-nio-8080"]
2026-06-01 17:54:44 [main] INFO  traceId= o.s.boot.tomcat.TomcatWebServer - Tomcat started on port 8080 (http) with context path '/'
2026-06-01 17:54:44 [main] INFO  traceId= org.flowforge.FlowForgeApplication - Started FlowForgeApplication in 4.038 seconds (process running for 4.451)
2026-06-01 17:54:44 [main] INFO  traceId= o.f.config.logger.StartupLogger - =================================
2026-06-01 17:54:44 [main] INFO  traceId= o.f.config.logger.StartupLogger - FlowForge Backend Started
2026-06-01 17:54:44 [main] INFO  traceId= o.f.config.logger.StartupLogger - =================================
2026-06-01 17:56:40 [http-nio-8080-exec-2] INFO  traceId= o.a.c.c.C.[Tomcat].[localhost].[/] - Initializing Spring DispatcherServlet 'dispatcherServlet'
2026-06-01 17:56:40 [http-nio-8080-exec-2] INFO  traceId= o.s.web.servlet.DispatcherServlet - Initializing Servlet 'dispatcherServlet'
2026-06-01 17:56:40 [http-nio-8080-exec-2] INFO  traceId= o.s.web.servlet.DispatcherServlet - Completed initialization in 18 ms
2026-06-01 18:09:05 [HikariPool-1:housekeeper] WARN  traceId= com.zaxxer.hikari.pool.HikariPool - HikariPool-1 - Thread starvation or clock leap detected (housekeeper delta=2m53s209ms).
