2026-05-31 01:39:25 [HikariPool-1:housekeeper] WARN  traceId= com.zaxxer.hikari.pool.HikariPool - HikariPool-1 - Thread starvation or clock leap detected (housekeeper delta=14m50s311ms).
2026-05-31 04:28:29 [HikariPool-1:housekeeper] WARN  traceId= com.zaxxer.hikari.pool.HikariPool - HikariPool-1 - Thread starvation or clock leap detected (housekeeper delta=19m49s428ms).
2026-05-31 05:03:12 [HikariPool-1:housekeeper] WARN  traceId= com.zaxxer.hikari.pool.HikariPool - HikariPool-1 - Thread starvation or clock leap detected (housekeeper delta=34m42s529ms).
2026-05-31 06:25:29 [HikariPool-1:housekeeper] WARN  traceId= com.zaxxer.hikari.pool.HikariPool - HikariPool-1 - Thread starvation or clock leap detected (housekeeper delta=1h22m17s828ms).
2026-05-31 07:09:48 [HikariPool-1:housekeeper] WARN  traceId= com.zaxxer.hikari.pool.HikariPool - HikariPool-1 - Thread starvation or clock leap detected (housekeeper delta=44m18s896ms).
2026-05-31 08:10:47 [HikariPool-1:housekeeper] WARN  traceId= com.zaxxer.hikari.pool.HikariPool - HikariPool-1 - Thread starvation or clock leap detected (housekeeper delta=1h58s926ms).
2026-05-31 09:11:50 [HikariPool-1:housekeeper] WARN  traceId= com.zaxxer.hikari.pool.HikariPool - HikariPool-1 - Thread starvation or clock leap detected (housekeeper delta=1h1m2s843ms).
2026-05-31 10:28:41 [HikariPool-1:housekeeper] WARN  traceId= com.zaxxer.hikari.pool.HikariPool - HikariPool-1 - Thread starvation or clock leap detected (housekeeper delta=1h16m51s323ms).
2026-05-31 11:11:54 [HikariPool-1:housekeeper] WARN  traceId= com.zaxxer.hikari.pool.HikariPool - HikariPool-1 - Thread starvation or clock leap detected (housekeeper delta=43m12s174ms).
2026-05-31 11:45:27 [HikariPool-1:housekeeper] WARN  traceId= com.zaxxer.hikari.pool.HikariPool - HikariPool-1 - Thread starvation or clock leap detected (housekeeper delta=33m33s912ms).
2026-05-31 12:21:11 [HikariPool-1:housekeeper] WARN  traceId= com.zaxxer.hikari.pool.HikariPool - HikariPool-1 - Thread starvation or clock leap detected (housekeeper delta=35m43s267ms).
2026-05-31 13:02:44 [HikariPool-1:housekeeper] WARN  traceId= com.zaxxer.hikari.pool.HikariPool - HikariPool-1 - Thread starvation or clock leap detected (housekeeper delta=41m33s538ms).
2026-05-31 13:10:05 [HikariPool-1:housekeeper] WARN  traceId= com.zaxxer.hikari.pool.HikariPool - HikariPool-1 - Thread starvation or clock leap detected (housekeeper delta=7m20s708ms).
2026-05-31 13:29:01 [HikariPool-1:housekeeper] WARN  traceId= com.zaxxer.hikari.pool.HikariPool - HikariPool-1 - Thread starvation or clock leap detected (housekeeper delta=1m55s727ms).
2026-05-31 14:48:34 [HikariPool-1:housekeeper] WARN  traceId= com.zaxxer.hikari.pool.HikariPool - HikariPool-1 - Thread starvation or clock leap detected (housekeeper delta=1m32s622ms).
2026-05-31 15:01:04 [HikariPool-1:housekeeper] WARN  traceId= com.zaxxer.hikari.pool.HikariPool - HikariPool-1 - Thread starvation or clock leap detected (housekeeper delta=12m30s457ms).
2026-05-31 15:11:06 [HikariPool-1:housekeeper] WARN  traceId= com.zaxxer.hikari.pool.HikariPool - HikariPool-1 - Thread starvation or clock leap detected (housekeeper delta=1m31s205ms).
2026-05-31 15:20:04 [HikariPool-1:housekeeper] WARN  traceId= com.zaxxer.hikari.pool.HikariPool - HikariPool-1 - Thread starvation or clock leap detected (housekeeper delta=8m58s583ms).
2026-05-31 15:31:53 [HikariPool-1:housekeeper] WARN  traceId= com.zaxxer.hikari.pool.HikariPool - HikariPool-1 - Thread starvation or clock leap detected (housekeeper delta=11m48s310ms).
2026-05-31 15:37:56 [HikariPool-1:housekeeper] WARN  traceId= com.zaxxer.hikari.pool.HikariPool - HikariPool-1 - Thread starvation or clock leap detected (housekeeper delta=6m3s780ms).
2026-05-31 15:49:25 [HikariPool-1:housekeeper] WARN  traceId= com.zaxxer.hikari.pool.HikariPool - HikariPool-1 - Thread starvation or clock leap detected (housekeeper delta=11m28s987ms).
2026-05-31 15:57:04 [HikariPool-1:housekeeper] WARN  traceId= com.zaxxer.hikari.pool.HikariPool - HikariPool-1 - Thread starvation or clock leap detected (housekeeper delta=7m38s195ms).
2026-05-31 16:01:06 [HikariPool-1:housekeeper] WARN  traceId= com.zaxxer.hikari.pool.HikariPool - HikariPool-1 - Thread starvation or clock leap detected (housekeeper delta=4m2s584ms).
2026-05-31 16:04:19 [HikariPool-1:housekeeper] WARN  traceId= com.zaxxer.hikari.pool.HikariPool - HikariPool-1 - Thread starvation or clock leap detected (housekeeper delta=3m12s711ms).
2026-05-31 16:06:43 [HikariPool-1:housekeeper] WARN  traceId= com.zaxxer.hikari.pool.HikariPool - HikariPool-1 - Thread starvation or clock leap detected (housekeeper delta=2m24s197ms).
2026-05-31 16:10:42 [HikariPool-1:housekeeper] WARN  traceId= com.zaxxer.hikari.pool.HikariPool - HikariPool-1 - Thread starvation or clock leap detected (housekeeper delta=3m59s160ms).
2026-05-31 16:15:51 [HikariPool-1:housekeeper] WARN  traceId= com.zaxxer.hikari.pool.HikariPool - HikariPool-1 - Thread starvation or clock leap detected (housekeeper delta=5m8s940ms).
2026-05-31 16:17:58 [HikariPool-1:housekeeper] WARN  traceId= com.zaxxer.hikari.pool.HikariPool - HikariPool-1 - Thread starvation or clock leap detected (housekeeper delta=2m6s268ms).
2026-05-31 16:19:16 [HikariPool-1:housekeeper] WARN  traceId= com.zaxxer.hikari.pool.HikariPool - HikariPool-1 - Thread starvation or clock leap detected (housekeeper delta=1m18s200ms).
2026-05-31 16:20:42 [HikariPool-1:housekeeper] WARN  traceId= com.zaxxer.hikari.pool.HikariPool - HikariPool-1 - Thread starvation or clock leap detected (housekeeper delta=54s332ms).
2026-05-31 16:22:33 [HikariPool-1:housekeeper] WARN  traceId= com.zaxxer.hikari.pool.HikariPool - HikariPool-1 - Thread starvation or clock leap detected (housekeeper delta=1m50s223ms).
2026-05-31 16:24:54 [HikariPool-1:housekeeper] WARN  traceId= com.zaxxer.hikari.pool.HikariPool - HikariPool-1 - Thread starvation or clock leap detected (housekeeper delta=2m21s867ms).
2026-05-31 16:29:08 [HikariPool-1:housekeeper] WARN  traceId= com.zaxxer.hikari.pool.HikariPool - HikariPool-1 - Thread starvation or clock leap detected (housekeeper delta=4m13s219ms).
2026-05-31 16:30:37 [HikariPool-1:housekeeper] WARN  traceId= com.zaxxer.hikari.pool.HikariPool - HikariPool-1 - Thread starvation or clock leap detected (housekeeper delta=1m29s805ms).
2026-05-31 16:33:06 [HikariPool-1:housekeeper] WARN  traceId= com.zaxxer.hikari.pool.HikariPool - HikariPool-1 - Thread starvation or clock leap detected (housekeeper delta=2m28s546ms).
2026-05-31 16:35:23 [HikariPool-1:housekeeper] WARN  traceId= com.zaxxer.hikari.pool.HikariPool - HikariPool-1 - Thread starvation or clock leap detected (housekeeper delta=2m16s674ms).
2026-05-31 16:37:20 [HikariPool-1:housekeeper] WARN  traceId= com.zaxxer.hikari.pool.HikariPool - HikariPool-1 - Thread starvation or clock leap detected (housekeeper delta=1m57s461ms).
2026-05-31 16:39:19 [HikariPool-1:housekeeper] WARN  traceId= com.zaxxer.hikari.pool.HikariPool - HikariPool-1 - Thread starvation or clock leap detected (housekeeper delta=1m58s811ms).
2026-05-31 16:42:30 [HikariPool-1:housekeeper] WARN  traceId= com.zaxxer.hikari.pool.HikariPool - HikariPool-1 - Thread starvation or clock leap detected (housekeeper delta=3m11s105ms).
2026-05-31 16:44:48 [HikariPool-1:housekeeper] WARN  traceId= com.zaxxer.hikari.pool.HikariPool - HikariPool-1 - Thread starvation or clock leap detected (housekeeper delta=2m18s122ms).
2026-05-31 16:47:24 [HikariPool-1:housekeeper] WARN  traceId= com.zaxxer.hikari.pool.HikariPool - HikariPool-1 - Thread starvation or clock leap detected (housekeeper delta=2m35s966ms).
2026-05-31 16:55:36 [HikariPool-1:housekeeper] WARN  traceId= com.zaxxer.hikari.pool.HikariPool - HikariPool-1 - Thread starvation or clock leap detected (housekeeper delta=8m12s121ms).
2026-05-31 17:08:37 [HikariPool-1:housekeeper] WARN  traceId= com.zaxxer.hikari.pool.HikariPool - HikariPool-1 - Thread starvation or clock leap detected (housekeeper delta=13m613ms).
2026-05-31 18:07:06 [HikariPool-1:housekeeper] WARN  traceId= com.zaxxer.hikari.pool.HikariPool - HikariPool-1 - Thread starvation or clock leap detected (housekeeper delta=58s385ms).
2026-05-31 18:10:11 [HikariPool-1:housekeeper] WARN  traceId= com.zaxxer.hikari.pool.HikariPool - HikariPool-1 - Thread starvation or clock leap detected (housekeeper delta=2m35s543ms).
